2025-04-07 11:59:41,480 [Worker-2: Loading available Gradle versions] INFO  o.e.b.c.i.u.g.PublishedGradleVersions - Gradle version information cache is not available. Remote download required.
2025-04-07 12:00:05,631 [Worker-7: Creating project "Clase1_Empresa"] INFO  o.e.m.c.i.l.LifecycleMappingFactory - Using org.eclipse.m2e.jdt.JarLifecycleMapping lifecycle mapping for MavenProject: com.empresa:Clase1_Empresa:0.0.1-SNAPSHOT @ E:\Matias\Programas\Api_Microservicios\Clase1_Empresa\pom.xml.
2025-04-07 12:00:07,520 [Worker-7: Creating project "Clase1_Empresa"] INFO  o.e.m.j.i.AbstractJavaProjectConfigurator - Adding source folder /Clase1_Empresa/src/main/java
2025-04-07 12:00:07,522 [Worker-7: Creating project "Clase1_Empresa"] INFO  o.e.m.j.i.AbstractJavaProjectConfigurator - Adding resource folder /Clase1_Empresa/src/main/resources
2025-04-07 12:00:07,524 [Worker-7: Creating project "Clase1_Empresa"] INFO  o.e.m.j.i.AbstractJavaProjectConfigurator - Adding source folder /Clase1_Empresa/src/test/java
2025-04-07 12:00:07,525 [Worker-7: Creating project "Clase1_Empresa"] INFO  o.e.m.j.i.AbstractJavaProjectConfigurator - Adding resource folder /Clase1_Empresa/src/test/resources
2025-04-07 12:00:08,522 [Worker-19: Building] WARN  o.a.m.s.f.DefaultMavenResourcesFiltering - Using platform encoding (UTF-8 actually) to copy filtered resources, i.e. build is platform dependent!
2025-04-07 12:00:08,527 [Worker-19: Building] INFO  o.a.m.s.f.DefaultMavenResourcesFiltering - Copying 0 resource from src\main\resources to target\classes
2025-04-07 12:00:08,532 [Worker-19: Building] WARN  o.a.m.s.f.DefaultMavenResourcesFiltering - Using platform encoding (UTF-8 actually) to copy filtered resources, i.e. build is platform dependent!
2025-04-07 12:00:08,533 [Worker-19: Building] INFO  o.a.m.s.f.DefaultMavenResourcesFiltering - Copying 0 resource from src\test\resources to target\test-classes
2025-04-07 12:00:51,068 [Worker-0: Updating Maven Project] INFO  o.e.m.c.i.p.ProjectConfigurationManager - Update started
2025-04-07 12:00:51,372 [Worker-0: Updating Maven Project] INFO  o.e.m.c.i.l.LifecycleMappingFactory - Using org.eclipse.m2e.jdt.JarLifecycleMapping lifecycle mapping for MavenProject: com.empresa:Clase1_Empresa:0.0.1-SNAPSHOT @ E:\Matias\Programas\Api_Microservicios\Clase1_Empresa\pom.xml.
2025-04-07 12:00:51,523 [Worker-0: Updating Maven Project] INFO  o.e.m.j.i.AbstractJavaProjectConfigurator - Adding source folder /Clase1_Empresa/src/main/java
2025-04-07 12:00:51,525 [Worker-0: Updating Maven Project] INFO  o.e.m.j.i.AbstractJavaProjectConfigurator - Adding resource folder /Clase1_Empresa/src/main/resources
2025-04-07 12:00:51,526 [Worker-0: Updating Maven Project] INFO  o.e.m.j.i.AbstractJavaProjectConfigurator - Adding source folder /Clase1_Empresa/src/test/java
2025-04-07 12:00:51,527 [Worker-0: Updating Maven Project] INFO  o.e.m.j.i.AbstractJavaProjectConfigurator - Adding resource folder /Clase1_Empresa/src/test/resources
2025-04-07 12:00:51,571 [Worker-0: Updating Maven Project] INFO  o.e.m.c.i.p.ProjectConfigurationManager - Update completed for 1 poms: local refresh takes 0.00 sec, refresh facades takes 0.00 sec, update config takes 0.00 sec 
2025-04-07 12:00:51,737 [Worker-13: Building] WARN  o.a.m.s.f.DefaultMavenResourcesFiltering - Using platform encoding (UTF-8 actually) to copy filtered resources, i.e. build is platform dependent!
2025-04-07 12:00:51,738 [Worker-13: Building] INFO  o.a.m.s.f.DefaultMavenResourcesFiltering - Copying 0 resource from src\main\resources to target\classes
2025-04-07 12:00:51,743 [Worker-13: Building] WARN  o.a.m.s.f.DefaultMavenResourcesFiltering - Using platform encoding (UTF-8 actually) to copy filtered resources, i.e. build is platform dependent!
2025-04-07 12:00:51,743 [Worker-13: Building] INFO  o.a.m.s.f.DefaultMavenResourcesFiltering - Copying 0 resource from src\test\resources to target\test-classes
2025-04-07 12:03:03,492 [Worker-15: Updating Maven Project] INFO  o.e.m.c.i.p.ProjectConfigurationManager - Update started
2025-04-07 12:03:03,758 [Worker-15: Updating Maven Project] INFO  o.e.m.c.i.l.LifecycleMappingFactory - Using org.eclipse.m2e.jdt.JarLifecycleMapping lifecycle mapping for MavenProject: com.empresa:Clase1_Empresa:0.0.1-SNAPSHOT @ E:\Matias\Programas\Api_Microservicios\Clase1_Empresa\pom.xml.
2025-04-07 12:03:03,883 [Worker-15: Updating Maven Project] INFO  o.e.m.j.i.AbstractJavaProjectConfigurator - Adding source folder /Clase1_Empresa/src/main/java
2025-04-07 12:03:03,884 [Worker-15: Updating Maven Project] INFO  o.e.m.j.i.AbstractJavaProjectConfigurator - Adding resource folder /Clase1_Empresa/src/main/resources
2025-04-07 12:03:03,885 [Worker-15: Updating Maven Project] INFO  o.e.m.j.i.AbstractJavaProjectConfigurator - Adding source folder /Clase1_Empresa/src/test/java
2025-04-07 12:03:03,886 [Worker-15: Updating Maven Project] INFO  o.e.m.j.i.AbstractJavaProjectConfigurator - Adding resource folder /Clase1_Empresa/src/test/resources
2025-04-07 12:03:03,927 [Worker-15: Updating Maven Project] INFO  o.e.m.c.i.p.ProjectConfigurationManager - Update completed for 1 poms: local refresh takes 0.00 sec, refresh facades takes 0.00 sec, update config takes 0.00 sec 
2025-04-07 12:03:04,060 [Worker-15: Building] WARN  o.a.m.s.f.DefaultMavenResourcesFiltering - Using platform encoding (UTF-8 actually) to copy filtered resources, i.e. build is platform dependent!
2025-04-07 12:03:04,061 [Worker-15: Building] INFO  o.a.m.s.f.DefaultMavenResourcesFiltering - Copying 0 resource from src\main\resources to target\classes
2025-04-07 12:03:04,065 [Worker-15: Building] WARN  o.a.m.s.f.DefaultMavenResourcesFiltering - Using platform encoding (UTF-8 actually) to copy filtered resources, i.e. build is platform dependent!
2025-04-07 12:03:04,066 [Worker-15: Building] INFO  o.a.m.s.f.DefaultMavenResourcesFiltering - Copying 0 resource from src\test\resources to target\test-classes
2025-04-07 12:05:44,041 [Worker-11: Creating project "Clase1_Empresa"] INFO  o.e.m.c.i.l.LifecycleMappingFactory - Using org.eclipse.m2e.jdt.JarLifecycleMapping lifecycle mapping for MavenProject: com.empresa:Clase1_Empresa:0.0.1-SNAPSHOT @ E:\Matias\Programas\Api_Microservicios\Clase1_Empresa\pom.xml.
2025-04-07 12:05:44,483 [Worker-11: Creating project "Clase1_Empresa"] INFO  o.e.m.j.i.AbstractJavaProjectConfigurator - Adding source folder /Clase1_Empresa/src/main/java
2025-04-07 12:05:44,483 [Worker-11: Creating project "Clase1_Empresa"] INFO  o.e.m.j.i.AbstractJavaProjectConfigurator - Adding resource folder /Clase1_Empresa/src/main/resources
2025-04-07 12:05:44,484 [Worker-11: Creating project "Clase1_Empresa"] INFO  o.e.m.j.i.AbstractJavaProjectConfigurator - Adding source folder /Clase1_Empresa/src/test/java
2025-04-07 12:05:44,485 [Worker-11: Creating project "Clase1_Empresa"] INFO  o.e.m.j.i.AbstractJavaProjectConfigurator - Adding resource folder /Clase1_Empresa/src/test/resources
2025-04-07 12:05:44,736 [Worker-11: Building] WARN  o.a.m.s.f.DefaultMavenResourcesFiltering - Using platform encoding (UTF-8 actually) to copy filtered resources, i.e. build is platform dependent!
2025-04-07 12:05:44,738 [Worker-11: Building] INFO  o.a.m.s.f.DefaultMavenResourcesFiltering - Copying 0 resource from src\main\resources to target\classes
2025-04-07 12:05:44,744 [Worker-11: Building] WARN  o.a.m.s.f.DefaultMavenResourcesFiltering - Using platform encoding (UTF-8 actually) to copy filtered resources, i.e. build is platform dependent!
2025-04-07 12:05:44,746 [Worker-11: Building] INFO  o.a.m.s.f.DefaultMavenResourcesFiltering - Copying 0 resource from src\test\resources to target\test-classes
2025-04-07 12:07:12,506 [Worker-3: Updating Maven Project] INFO  o.e.m.c.i.p.ProjectConfigurationManager - Update started
2025-04-07 12:07:12,684 [Worker-3: Updating Maven Project] INFO  o.e.m.c.i.l.LifecycleMappingFactory - Using org.eclipse.m2e.jdt.JarLifecycleMapping lifecycle mapping for MavenProject: com.empresa:Clase1_Empresa:0.0.1-SNAPSHOT @ E:\Matias\Programas\Api_Microservicios\Clase1_Empresa\pom.xml.
2025-04-07 12:07:12,780 [Worker-3: Updating Maven Project] INFO  o.e.m.j.i.AbstractJavaProjectConfigurator - Adding source folder /Clase1_Empresa/src/main/java
2025-04-07 12:07:12,781 [Worker-3: Updating Maven Project] INFO  o.e.m.j.i.AbstractJavaProjectConfigurator - Adding resource folder /Clase1_Empresa/src/main/resources
2025-04-07 12:07:12,782 [Worker-3: Updating Maven Project] INFO  o.e.m.j.i.AbstractJavaProjectConfigurator - Adding source folder /Clase1_Empresa/src/test/java
2025-04-07 12:07:12,783 [Worker-3: Updating Maven Project] INFO  o.e.m.j.i.AbstractJavaProjectConfigurator - Adding resource folder /Clase1_Empresa/src/test/resources
2025-04-07 12:07:12,819 [Worker-3: Updating Maven Project] INFO  o.e.m.c.i.p.ProjectConfigurationManager - Update completed for 1 poms: local refresh takes 0.00 sec, refresh facades takes 0.00 sec, update config takes 0.00 sec 
2025-04-07 12:07:12,943 [Worker-11: Building] WARN  o.a.m.s.f.DefaultMavenResourcesFiltering - Using platform encoding (UTF-8 actually) to copy filtered resources, i.e. build is platform dependent!
2025-04-07 12:07:12,945 [Worker-11: Building] INFO  o.a.m.s.f.DefaultMavenResourcesFiltering - Copying 0 resource from src\main\resources to target\classes
2025-04-07 12:07:12,950 [Worker-11: Building] WARN  o.a.m.s.f.DefaultMavenResourcesFiltering - Using platform encoding (UTF-8 actually) to copy filtered resources, i.e. build is platform dependent!
2025-04-07 12:07:12,952 [Worker-11: Building] INFO  o.a.m.s.f.DefaultMavenResourcesFiltering - Copying 0 resource from src\test\resources to target\test-classes
2025-04-07 12:07:53,978 [Worker-11: Updating Maven Project] INFO  o.e.m.c.i.p.ProjectConfigurationManager - Update started
2025-04-07 12:07:54,155 [Worker-11: Updating Maven Project] INFO  o.e.m.c.i.l.LifecycleMappingFactory - Using org.eclipse.m2e.jdt.JarLifecycleMapping lifecycle mapping for MavenProject: com.empresa:Clase1_Empresa:0.0.1-SNAPSHOT @ E:\Matias\Programas\Api_Microservicios\Clase1_Empresa\pom.xml.
2025-04-07 12:07:54,252 [Worker-11: Updating Maven Project] INFO  o.e.m.j.i.AbstractJavaProjectConfigurator - Adding source folder /Clase1_Empresa/src/main/java
2025-04-07 12:07:54,253 [Worker-11: Updating Maven Project] INFO  o.e.m.j.i.AbstractJavaProjectConfigurator - Adding resource folder /Clase1_Empresa/src/main/resources
2025-04-07 12:07:54,254 [Worker-11: Updating Maven Project] INFO  o.e.m.j.i.AbstractJavaProjectConfigurator - Adding source folder /Clase1_Empresa/src/test/java
2025-04-07 12:07:54,254 [Worker-11: Updating Maven Project] INFO  o.e.m.j.i.AbstractJavaProjectConfigurator - Adding resource folder /Clase1_Empresa/src/test/resources
2025-04-07 12:07:54,283 [Worker-11: Updating Maven Project] INFO  o.e.m.c.i.p.ProjectConfigurationManager - Update completed for 1 poms: local refresh takes 0.00 sec, refresh facades takes 0.00 sec, update config takes 0.00 sec 
2025-04-07 12:07:54,438 [Worker-22: Building] WARN  o.a.m.s.f.DefaultMavenResourcesFiltering - Using platform encoding (UTF-8 actually) to copy filtered resources, i.e. build is platform dependent!
2025-04-07 12:07:54,439 [Worker-22: Building] INFO  o.a.m.s.f.DefaultMavenResourcesFiltering - Copying 0 resource from src\main\resources to target\classes
2025-04-07 12:07:54,443 [Worker-22: Building] WARN  o.a.m.s.f.DefaultMavenResourcesFiltering - Using platform encoding (UTF-8 actually) to copy filtered resources, i.e. build is platform dependent!
2025-04-07 12:07:54,444 [Worker-22: Building] INFO  o.a.m.s.f.DefaultMavenResourcesFiltering - Copying 0 resource from src\test\resources to target\test-classes
2025-04-07 12:08:13,064 [Worker-11: Updating Maven Project] INFO  o.e.m.c.i.p.ProjectConfigurationManager - Update started
2025-04-07 12:08:13,247 [Worker-11: Updating Maven Project] INFO  o.e.m.c.i.l.LifecycleMappingFactory - Using org.eclipse.m2e.jdt.JarLifecycleMapping lifecycle mapping for MavenProject: com.empresa:Clase1_Empresa:0.0.1-SNAPSHOT @ E:\Matias\Programas\Api_Microservicios\Clase1_Empresa\pom.xml.
2025-04-07 12:08:13,340 [Worker-11: Updating Maven Project] INFO  o.e.m.j.i.AbstractJavaProjectConfigurator - Adding source folder /Clase1_Empresa/src/main/java
2025-04-07 12:08:13,341 [Worker-11: Updating Maven Project] INFO  o.e.m.j.i.AbstractJavaProjectConfigurator - Adding resource folder /Clase1_Empresa/src/main/resources
2025-04-07 12:08:13,342 [Worker-11: Updating Maven Project] INFO  o.e.m.j.i.AbstractJavaProjectConfigurator - Adding source folder /Clase1_Empresa/src/test/java
2025-04-07 12:08:13,343 [Worker-11: Updating Maven Project] INFO  o.e.m.j.i.AbstractJavaProjectConfigurator - Adding resource folder /Clase1_Empresa/src/test/resources
2025-04-07 12:08:13,377 [Worker-11: Updating Maven Project] INFO  o.e.m.c.i.p.ProjectConfigurationManager - Update completed for 1 poms: local refresh takes 0.00 sec, refresh facades takes 0.00 sec, update config takes 0.00 sec 
2025-04-07 12:08:13,532 [Worker-3: Building] WARN  o.a.m.s.f.DefaultMavenResourcesFiltering - Using platform encoding (UTF-8 actually) to copy filtered resources, i.e. build is platform dependent!
2025-04-07 12:08:13,533 [Worker-3: Building] INFO  o.a.m.s.f.DefaultMavenResourcesFiltering - Copying 0 resource from src\main\resources to target\classes
2025-04-07 12:08:13,536 [Worker-3: Building] WARN  o.a.m.s.f.DefaultMavenResourcesFiltering - Using platform encoding (UTF-8 actually) to copy filtered resources, i.e. build is platform dependent!
2025-04-07 12:08:13,537 [Worker-3: Building] INFO  o.a.m.s.f.DefaultMavenResourcesFiltering - Copying 0 resource from src\test\resources to target\test-classes
